🐍 Python Script Started!
==================================================
[1/8] Инициализация модулей...
[2/8] Подключение к базе данных...
  ✓ Подключение к базе данных выполнено успешно
[3/8] Загрузка конфигурации...
[4/8] Обработка данных...
  📊 Промежуточные результаты:
    - Обработано записей: 807
    - Время выполнения: 26 сек
[5/8] Генерация отчета...
[6/8] Сохранение результатов...
[7/8] Очистка временных файлов...
[8/8] Завершение работы...
==================================================
✅ Скрипт завершен успешно!
📈 Финальная статистика:
   - Всего операций: 8
   - Время выполнения: 24 секунд
   - Статус: SUCCESS
